<?xml version="1.0" encoding="UTF-8"?>
<!-- Generated by org.testng.reporters.JUnitXMLReporter -->
<testsuite ignored="0" hostname="DESKTOP-TRJRA9C" failures="1" tests="1" name="Test" time="12.792" errors="0" timestamp="2022-12-21T12:18:56 IST">
  <testcase classname="com_inetBanking_TestBase.TestBase" name="@BeforeMethod SetUp" time="12.433">
    <failure type="java.lang.NullPointerException" message="Cannot invoke &amp;quot;org.apache.log4j.Logger.info(Object)&amp;quot; because &amp;quot;com_inetBanking_TestBase.TestBase.logger&amp;quot; is null">
      <![CDATA[java.lang.NullPointerException: Cannot invoke "org.apache.log4j.Logger.info(Object)" because "com_inetBanking_TestBase.TestBase.logger" is null
at com_inetBanking_TestBase.TestBase.SetUp(TestBase.java:65)
at java.base/java.util.ArrayList.forEach(ArrayList.java:1511)
... Removed 31 stack frames]]>
    </failure>
  </testcase> <!-- @BeforeMethod SetUp -->
  <testcase classname="com_inetBanking_TestBase.TestBase" name="@AfterClass end" time="-1.671605336276E9">
    <skipped/>
  </testcase> <!-- @AfterClass end -->
  <testcase classname="com.InetBanking.TestLayer.NewAccountTestLayer" name="verifyNewAccountCreat" time="12.484">
    <failure type="java.lang.NullPointerException" message="Cannot invoke &amp;quot;org.apache.log4j.Logger.info(Object)&amp;quot; because &amp;quot;com_inetBanking_Utility.Listner.logger&amp;quot; is null">
      <![CDATA[java.lang.NullPointerException: Cannot invoke "org.apache.log4j.Logger.info(Object)" because "com_inetBanking_Utility.Listner.logger" is null
at com_inetBanking_Utility.Listner.onTestStart(Listner.java:13)
at java.base/java.util.ArrayList.forEach(ArrayList.java:1511)
... Removed 25 stack frames]]>
    </failure>
  </testcase> <!-- verifyNewAccountCreat -->
</testsuite> <!-- Test -->
